<?xml version="1.0" encoding="UTF-8"?>
<testsuite name="com.microsoft.playwright.jmeter.samplers.PlaywrightTestSampleResultTest" tests="1" skipped="0" failures="0" errors="0" timestamp="2025-09-04T02:39:52" hostname="WORMFORCE" time="0.264">
  <properties/>
  <testcase name="test complex case into suites()" classname="com.microsoft.playwright.jmeter.samplers.PlaywrightTestSampleResultTest" time="0.264"/>
  <system-out><![CDATA[]]></system-out>
  <system-err><![CDATA[ERROR StatusLogger No Log4j 2 configuration file found. Using default configuration (logging only errors to the console), or user programmatically provided configurations. Set system property 'log4j2.debug' to show Log4j 2 internal initialization logging. See https://logging.apache.org/log4j/2.x/manual/configuration.html for instructions on how to configure Log4j 2
]]></system-err>
</testsuite>
